<?xml version="1.0" encoding="UTF-8"?>
<!-- Generated by org.testng.reporters.JUnitReportReporter -->
<testsuite skipped="0" hostname="RPIPL2-NB-HP006" name="test.TriggerKeywordDrivenFramework" tests="1" failures="0" timestamp="03 Jul 2017 11:10:36 GMT" time="94.468" errors="0">
  <testcase name="triggerAutomation" time="94.468" classname="test.TriggerKeywordDrivenFramework"/>
</testsuite> <!-- test.TriggerKeywordDrivenFramework -->
